
amd64.o:     file format elf64-x86-64


Disassembly of section .init:

0000000000001000 <_init>:
    1000:	48 83 ec 08          	sub    rsp,0x8
    1004:	48 8b 05 dd 2f 00 00 	mov    rax,QWORD PTR [rip+0x2fdd]        # 3fe8 <__gmon_start__>
    100b:	48 85 c0             	test   rax,rax
    100e:	74 02                	je     1012 <_init+0x12>
    1010:	ff d0                	call   rax
    1012:	48 83 c4 08          	add    rsp,0x8
    1016:	c3                   	ret    

Disassembly of section .plt:

0000000000001020 <.plt>:
    1020:	ff 35 e2 2f 00 00    	push   QWORD PTR [rip+0x2fe2]        # 4008 <_GLOBAL_OFFSET_TABLE_+0x8>
    1026:	ff 25 e4 2f 00 00    	jmp    QWORD PTR [rip+0x2fe4]        # 4010 <_GLOBAL_OFFSET_TABLE_+0x10>
    102c:	0f 1f 40 00          	nop    DWORD PTR [rax+0x0]

0000000000001030 <printf@plt>:
    1030:	ff 25 e2 2f 00 00    	jmp    QWORD PTR [rip+0x2fe2]        # 4018 <printf@GLIBC_2.2.5>
    1036:	68 00 00 00 00       	push   0x0
    103b:	e9 e0 ff ff ff       	jmp    1020 <.plt>

Disassembly of section .plt.got:

0000000000001040 <__cxa_finalize@plt>:
    1040:	ff 25 b2 2f 00 00    	jmp    QWORD PTR [rip+0x2fb2]        # 3ff8 <__cxa_finalize@GLIBC_2.2.5>
    1046:	66 90                	xchg   ax,ax

Disassembly of section .text:

0000000000001050 <_start>:
    1050:	31 ed                	xor    ebp,ebp
    1052:	49 89 d1             	mov    r9,rdx
    1055:	5e                   	pop    rsi
    1056:	48 89 e2             	mov    rdx,rsp
    1059:	48 83 e4 f0          	and    rsp,0xfffffffffffffff0
    105d:	50                   	push   rax
    105e:	54                   	push   rsp
    105f:	4c 8d 05 ea 01 00 00 	lea    r8,[rip+0x1ea]        # 1250 <__libc_csu_fini>
    1066:	48 8d 0d 83 01 00 00 	lea    rcx,[rip+0x183]        # 11f0 <__libc_csu_init>
    106d:	48 8d 3d 4f 01 00 00 	lea    rdi,[rip+0x14f]        # 11c3 <main>
    1074:	ff 15 66 2f 00 00    	call   QWORD PTR [rip+0x2f66]        # 3fe0 <__libc_start_main@GLIBC_2.2.5>
    107a:	f4                   	hlt    
    107b:	0f 1f 44 00 00       	nop    DWORD PTR [rax+rax*1+0x0]

0000000000001080 <deregister_tm_clones>:
    1080:	48 8d 3d a9 2f 00 00 	lea    rdi,[rip+0x2fa9]        # 4030 <__TMC_END__>
    1087:	48 8d 05 a2 2f 00 00 	lea    rax,[rip+0x2fa2]        # 4030 <__TMC_END__>
    108e:	48 39 f8             	cmp    rax,rdi
    1091:	74 15                	je     10a8 <deregister_tm_clones+0x28>
    1093:	48 8b 05 3e 2f 00 00 	mov    rax,QWORD PTR [rip+0x2f3e]        # 3fd8 <_ITM_deregisterTMCloneTable>
    109a:	48 85 c0             	test   rax,rax
    109d:	74 09                	je     10a8 <deregister_tm_clones+0x28>
    109f:	ff e0                	jmp    rax
    10a1:	0f 1f 80 00 00 00 00 	nop    DWORD PTR [rax+0x0]
    10a8:	c3                   	ret    
    10a9:	0f 1f 80 00 00 00 00 	nop    DWORD PTR [rax+0x0]

00000000000010b0 <register_tm_clones>:
    10b0:	48 8d 3d 79 2f 00 00 	lea    rdi,[rip+0x2f79]        # 4030 <__TMC_END__>
    10b7:	48 8d 35 72 2f 00 00 	lea    rsi,[rip+0x2f72]        # 4030 <__TMC_END__>
    10be:	48 29 fe             	sub    rsi,rdi
    10c1:	48 89 f0             	mov    rax,rsi
    10c4:	48 c1 ee 3f          	shr    rsi,0x3f
    10c8:	48 c1 f8 03          	sar    rax,0x3
    10cc:	48 01 c6             	add    rsi,rax
    10cf:	48 d1 fe             	sar    rsi,1
    10d2:	74 14                	je     10e8 <register_tm_clones+0x38>
    10d4:	48 8b 05 15 2f 00 00 	mov    rax,QWORD PTR [rip+0x2f15]        # 3ff0 <_ITM_registerTMCloneTable>
    10db:	48 85 c0             	test   rax,rax
    10de:	74 08                	je     10e8 <register_tm_clones+0x38>
    10e0:	ff e0                	jmp    rax
    10e2:	66 0f 1f 44 00 00    	nop    WORD PTR [rax+rax*1+0x0]
    10e8:	c3                   	ret    
    10e9:	0f 1f 80 00 00 00 00 	nop    DWORD PTR [rax+0x0]

00000000000010f0 <__do_global_dtors_aux>:
    10f0:	80 3d 39 2f 00 00 00 	cmp    BYTE PTR [rip+0x2f39],0x0        # 4030 <__TMC_END__>
    10f7:	75 2f                	jne    1128 <__do_global_dtors_aux+0x38>
    10f9:	55                   	push   rbp
    10fa:	48 83 3d f6 2e 00 00 00 	cmp    QWORD PTR [rip+0x2ef6],0x0        # 3ff8 <__cxa_finalize@GLIBC_2.2.5>
    1102:	48 89 e5             	mov    rbp,rsp
    1105:	74 0c                	je     1113 <__do_global_dtors_aux+0x23>
    1107:	48 8b 3d 1a 2f 00 00 	mov    rdi,QWORD PTR [rip+0x2f1a]        # 4028 <__dso_handle>
    110e:	e8 2d ff ff ff       	call   1040 <__cxa_finalize@plt>
    1113:	e8 68 ff ff ff       	call   1080 <deregister_tm_clones>
    1118:	c6 05 11 2f 00 00 01 	mov    BYTE PTR [rip+0x2f11],0x1        # 4030 <__TMC_END__>
    111f:	5d                   	pop    rbp
    1120:	c3                   	ret    
    1121:	0f 1f 80 00 00 00 00 	nop    DWORD PTR [rax+0x0]
    1128:	c3                   	ret    
    1129:	0f 1f 80 00 00 00 00 	nop    DWORD PTR [rax+0x0]

0000000000001130 <frame_dummy>:
    1130:	e9 7b ff ff ff       	jmp    10b0 <register_tm_clones>

0000000000001135 <hanoi>:
#include <stdio.h>
void hanoi(int n, char from, char to, char aux)
{
    1135:	55                   	push   rbp
    1136:	48 89 e5             	mov    rbp,rsp
    1139:	48 83 ec 10          	sub    rsp,0x10
    113d:	89 7d fc             	mov    DWORD PTR [rbp-0x4],edi
    1140:	89 c8                	mov    eax,ecx
    1142:	89 f1                	mov    ecx,esi
    1144:	88 4d f8             	mov    BYTE PTR [rbp-0x8],cl
    1147:	88 55 f4             	mov    BYTE PTR [rbp-0xc],dl
    114a:	88 45 f0             	mov    BYTE PTR [rbp-0x10],al
    if (n == 1)
    114d:	83 7d fc 01          	cmp    DWORD PTR [rbp-0x4],0x1
    1151:	75 1d                	jne    1170 <hanoi+0x3b>
        printf("Move disk 1 from %c to %c\n", from, to);
    1153:	0f be 55 f4          	movsx  edx,BYTE PTR [rbp-0xc]
    1157:	0f be 45 f8          	movsx  eax,BYTE PTR [rbp-0x8]
    115b:	89 c6                	mov    esi,eax
    115d:	48 8d 3d a0 0e 00 00 	lea    rdi,[rip+0xea0]        # 2004 <_IO_stdin_used+0x4>
    1164:	b8 00 00 00 00       	mov    eax,0x0
    1169:	e8 c2 fe ff ff       	call   1030 <printf@plt>
    {
        hanoi(n - 1, from, aux, to);
        printf("Move disk %d from %c to %c\n", n, from, to);
        hanoi(n - 1, aux, to, from);
    }
}
    116e:	eb 50                	jmp    11c0 <hanoi+0x8b>
        hanoi(n - 1, from, aux, to);
    1170:	0f be 4d f4          	movsx  ecx,BYTE PTR [rbp-0xc]
    1174:	0f be 55 f0          	movsx  edx,BYTE PTR [rbp-0x10]
    1178:	0f be 45 f8          	movsx  eax,BYTE PTR [rbp-0x8]
    117c:	8b 75 fc             	mov    esi,DWORD PTR [rbp-0x4]
    117f:	8d 7e ff             	lea    edi,[rsi-0x1]
    1182:	89 c6                	mov    esi,eax
    1184:	e8 ac ff ff ff       	call   1135 <hanoi>
        printf("Move disk %d from %c to %c\n", n, from, to);
    1189:	0f be 4d f4          	movsx  ecx,BYTE PTR [rbp-0xc]
    118d:	0f be 55 f8          	movsx  edx,BYTE PTR [rbp-0x8]
    1191:	8b 45 fc             	mov    eax,DWORD PTR [rbp-0x4]
    1194:	89 c6                	mov    esi,eax
    1196:	48 8d 3d 82 0e 00 00 	lea    rdi,[rip+0xe82]        # 201f <_IO_stdin_used+0x1f>
    119d:	b8 00 00 00 00       	mov    eax,0x0
    11a2:	e8 89 fe ff ff       	call   1030 <printf@plt>
        hanoi(n - 1, aux, to, from);
    11a7:	0f be 4d f8          	movsx  ecx,BYTE PTR [rbp-0x8]
    11ab:	0f be 55 f4          	movsx  edx,BYTE PTR [rbp-0xc]
    11af:	0f be 45 f0          	movsx  eax,BYTE PTR [rbp-0x10]
    11b3:	8b 75 fc             	mov    esi,DWORD PTR [rbp-0x4]
    11b6:	8d 7e ff             	lea    edi,[rsi-0x1]
    11b9:	89 c6                	mov    esi,eax
    11bb:	e8 75 ff ff ff       	call   1135 <hanoi>
}
    11c0:	90                   	nop
    11c1:	c9                   	leave  
    11c2:	c3                   	ret    

00000000000011c3 <main>:
int main()
{
    11c3:	55                   	push   rbp
    11c4:	48 89 e5             	mov    rbp,rsp
    hanoi(3, 'A', 'C', 'B');
    11c7:	b9 42 00 00 00       	mov    ecx,0x42
    11cc:	ba 43 00 00 00       	mov    edx,0x43
    11d1:	be 41 00 00 00       	mov    esi,0x41
    11d6:	bf 03 00 00 00       	mov    edi,0x3
    11db:	e8 55 ff ff ff       	call   1135 <hanoi>
    11e0:	b8 00 00 00 00       	mov    eax,0x0
}
    11e5:	5d                   	pop    rbp
    11e6:	c3                   	ret    
    11e7:	66 0f 1f 84 00 00 00 00 00 	nop    WORD PTR [rax+rax*1+0x0]

00000000000011f0 <__libc_csu_init>:
    11f0:	41 57                	push   r15
    11f2:	4c 8d 3d ef 2b 00 00 	lea    r15,[rip+0x2bef]        # 3de8 <__frame_dummy_init_array_entry>
    11f9:	41 56                	push   r14
    11fb:	49 89 d6             	mov    r14,rdx
    11fe:	41 55                	push   r13
    1200:	49 89 f5             	mov    r13,rsi
    1203:	41 54                	push   r12
    1205:	41 89 fc             	mov    r12d,edi
    1208:	55                   	push   rbp
    1209:	48 8d 2d e0 2b 00 00 	lea    rbp,[rip+0x2be0]        # 3df0 <__do_global_dtors_aux_fini_array_entry>
    1210:	53                   	push   rbx
    1211:	4c 29 fd             	sub    rbp,r15
    1214:	48 83 ec 08          	sub    rsp,0x8
    1218:	e8 e3 fd ff ff       	call   1000 <_init>
    121d:	48 c1 fd 03          	sar    rbp,0x3
    1221:	74 1b                	je     123e <__libc_csu_init+0x4e>
    1223:	31 db                	xor    ebx,ebx
    1225:	0f 1f 00             	nop    DWORD PTR [rax]
    1228:	4c 89 f2             	mov    rdx,r14
    122b:	4c 89 ee             	mov    rsi,r13
    122e:	44 89 e7             	mov    edi,r12d
    1231:	41 ff 14 df          	call   QWORD PTR [r15+rbx*8]
    1235:	48 83 c3 01          	add    rbx,0x1
    1239:	48 39 dd             	cmp    rbp,rbx
    123c:	75 ea                	jne    1228 <__libc_csu_init+0x38>
    123e:	48 83 c4 08          	add    rsp,0x8
    1242:	5b                   	pop    rbx
    1243:	5d                   	pop    rbp
    1244:	41 5c                	pop    r12
    1246:	41 5d                	pop    r13
    1248:	41 5e                	pop    r14
    124a:	41 5f                	pop    r15
    124c:	c3                   	ret    
    124d:	0f 1f 00             	nop    DWORD PTR [rax]

0000000000001250 <__libc_csu_fini>:
    1250:	c3                   	ret    

Disassembly of section .fini:

0000000000001254 <_fini>:
    1254:	48 83 ec 08          	sub    rsp,0x8
    1258:	48 83 c4 08          	add    rsp,0x8
    125c:	c3                   	ret    
